-------------------------------------------------------------------------------
Test set: com.training.epam.ticketservice.at.TestExecutor
-------------------------------------------------------------------------------
Tests run: 17, Failures: 2, Errors: 0, Skipped: 0, Time elapsed: 164.826 sec <<< FAILURE!
an admin user can update a movie(allows creating movie descriptions)  Time elapsed: 7.993 sec  <<< FAILURE!
java.lang.AssertionError: 
Expected: "Sátántangó (drama, 450 minutes)"
     but: was "movie updated"
	at org.hamcrest.MatcherAssert.assertThat(MatcherAssert.java:20)
	at org.hamcrest.MatcherAssert.assertThat(MatcherAssert.java:6)
	at com.training.epam.ticketservice.at.GenericCliProcessStepDefs.theNextLineOfOutputContains(GenericCliProcessStepDefs.java:43)
	at ✽.the next line of the output is "Sátántangó (drama, 450 minutes)"(file:///C:/Users/Balazs/Desktop/epam-projekt/Ticket-service-project/ticket-service-acceptance-tests/src/test/resources/features/movies.feature:19)

The admin can not create screenings during a 10 minute long breaks after another screening in the same room(allows creating, deleting and listing screenings)  Time elapsed: 12.34 sec  <<< FAILURE!
java.lang.AssertionError: 
Expected: "This would start in the break period after another screening in this room"
     but: was "screening created"
	at org.hamcrest.MatcherAssert.assertThat(MatcherAssert.java:20)
	at org.hamcrest.MatcherAssert.assertThat(MatcherAssert.java:6)
	at com.training.epam.ticketservice.at.GenericCliProcessStepDefs.theNextLineOfOutputContains(GenericCliProcessStepDefs.java:43)
	at ✽.the next line of the output is "This would start in the break period after another screening in this room"(file:///C:/Users/Balazs/Desktop/epam-projekt/Ticket-service-project/ticket-service-acceptance-tests/src/test/resources/features/screenings.feature:44)

