-------------------------------------------------------------------------------
Test set: com.training.epam.ticketservice.at.TestExecutor
-------------------------------------------------------------------------------
Tests run: 17, Failures: 2, Errors: 0, Skipped: 0, Time elapsed: 71.732 sec <<< FAILURE!
The admin can not create screenings during a 10 minute long breaks after another screening in the same room(allows creating, deleting and listing screenings)  Time elapsed: 5.034 sec  <<< FAILURE!
java.lang.AssertionError: 
Expected: "This would start in the break period after another screening in this room"
     but: was "screening created"
	at org.hamcrest.MatcherAssert.assertThat(MatcherAssert.java:20)
	at org.hamcrest.MatcherAssert.assertThat(MatcherAssert.java:8)
	at com.training.epam.ticketservice.at.GenericCliProcessStepDefs.theNextLineOfOutputContains(GenericCliProcessStepDefs.java:43)
	at ✽.the next line of the output is "This would start in the break period after another screening in this room"(file:///C:/Users/knebalazs/Desktop/projektek/Ticket-service-project/ticket-service-acceptance-tests/src/test/resources/features/screenings.feature:44)

The admin user can delete screenings(allows creating, deleting and listing screenings)  Time elapsed: 5.323 sec  <<< FAILURE!
java.lang.AssertionError: 
Expected: "There are no screenings"
     but: was "Spirited Away (animation, 125 minutes), screened in room Pedersoli, at 2021-03-14 16:00"
	at org.hamcrest.MatcherAssert.assertThat(MatcherAssert.java:20)
	at org.hamcrest.MatcherAssert.assertThat(MatcherAssert.java:8)
	at com.training.epam.ticketservice.at.GenericCliProcessStepDefs.theNextLineOfOutputContains(GenericCliProcessStepDefs.java:43)
	at ✽.the next line of the output is "There are no screenings"(file:///C:/Users/knebalazs/Desktop/projektek/Ticket-service-project/ticket-service-acceptance-tests/src/test/resources/features/screenings.feature:63)

