<?xml version="1.0" encoding="UTF-8" ?>
<testsuite tests="17" failures="2" name="com.training.epam.ticketservice.at.TestExecutor" time="71.465" errors="0" skipped="0">
  <properties>
[...]
</properties>
  <testcase classname="allow creating accounts and logging in" name="the admin account exists by default and can be logged in with the correct password" time="3.448"/>
  <testcase classname="allow creating accounts and logging in" name="the admin account can be signed out" time="3.5"/>
  <testcase classname="allow creating accounts and logging in" name="the admin account can not be logged in with incorrect password" time="3.221"/>
  <testcase classname="allows creating movie descriptions" name="an admin user can create and list movies" time="3.538"/>
  <testcase classname="allows creating movie descriptions" name="an admin user can update a movie" time="3.7"/>
  <testcase classname="allows creating movie descriptions" name="an admin user can delete a movie" time="3.747"/>
  <testcase classname="allows creating movie descriptions" name="an unauthenticated user can list movies" time="3.792"/>
  <testcase classname="allow creating, reading, updating and deleting rooms where the screenings will happen" name="an admin user can create and list rooms" time="3.508"/>
  <testcase classname="allow creating, reading, updating and deleting rooms where the screenings will happen" name="an admin user can update a room" time="3.759"/>
  <testcase classname="allow creating, reading, updating and deleting rooms where the screenings will happen" name="an admin user can delete a room" time="3.759"/>
  <testcase classname="allow creating, reading, updating and deleting rooms where the screenings will happen" name="an unauthenticated user can list rooms" time="3.847"/>
  <testcase classname="allows creating, deleting and listing screenings" name="The admin user can create and query screenings" time="5.304"/>
  <testcase classname="allows creating, deleting and listing screenings" name="The admin can not create overlapping screenings in the same room" time="5.338"/>
  <testcase classname="allows creating, deleting and listing screenings" name="The admin can create overlapping screenings in different rooms" time="5.32"/>
  <testcase classname="allows creating, deleting and listing screenings" name="The admin can not create screenings during a 10 minute long breaks after another screening in the same room" time="5.034">
    <failure message="
Expected: &quot;This would start in the break period after another screening in this room&quot;
     but: was &quot;screening created&quot;" type="java.lang.AssertionError">java.lang.AssertionError: 
Expected: &quot;This would start in the break period after another screening in this room&quot;
     but: was &quot;screening created&quot;
	at org.hamcrest.MatcherAssert.assertThat(MatcherAssert.java:20)
	at org.hamcrest.MatcherAssert.assertThat(MatcherAssert.java:8)
	at com.training.epam.ticketservice.at.GenericCliProcessStepDefs.theNextLineOfOutputContains(GenericCliProcessStepDefs.java:43)
	at ✽.the next line of the output is &quot;This would start in the break period after another screening in this room&quot;(file:///C:/Users/knebalazs/Desktop/projektek/Ticket-service-project/ticket-service-acceptance-tests/src/test/resources/features/screenings.feature:44)
</failure>
  </testcase>
  <testcase classname="allows creating, deleting and listing screenings" name="The admin can create screenings even if there is a break after a screening in a different room" time="5.327"/>
  <testcase classname="allows creating, deleting and listing screenings" name="The admin user can delete screenings" time="5.323">
    <failure message="
Expected: &quot;There are no screenings&quot;
     but: was &quot;Spirited Away (animation, 125 minutes), screened in room Pedersoli, at 2021-03-14 16:00&quot;" type="java.lang.AssertionError">java.lang.AssertionError: 
Expected: &quot;There are no screenings&quot;
     but: was &quot;Spirited Away (animation, 125 minutes), screened in room Pedersoli, at 2021-03-14 16:00&quot;
	at org.hamcrest.MatcherAssert.assertThat(MatcherAssert.java:20)
	at org.hamcrest.MatcherAssert.assertThat(MatcherAssert.java:8)
	at com.training.epam.ticketservice.at.GenericCliProcessStepDefs.theNextLineOfOutputContains(GenericCliProcessStepDefs.java:43)
	at ✽.the next line of the output is &quot;There are no screenings&quot;(file:///C:/Users/knebalazs/Desktop/projektek/Ticket-service-project/ticket-service-acceptance-tests/src/test/resources/features/screenings.feature:63)
</failure>
  </testcase>
</testsuite>